<?xml version="1.0" encoding="UTF-8"?>
<testsuite xmlns:xsi="http://www.w3.org/2001/XMLSchema-instance" xsi:noNamespaceSchemaLocation="https://maven.apache.org/surefire/maven-surefire-plugin/xsd/surefire-test-report.xsd" name="com.w00d7.ReflectionUtilTest" time="0.117" tests="6" errors="0" skipped="0" failures="0">
  <properties>
    <property name="java.specification.version" value="22"/>
    <property name="sun.cpu.isalist" value="amd64"/>
    <property name="sun.jnu.encoding" value="Cp1252"/>
    <property name="java.class.path" value="R:\Projects\plugins\reflection-util\reflection-util\target\test-classes;R:\Projects\plugins\reflection-util\reflection-util\target\classes;C:\Users\ryan\.m2\repository\junit\junit\4.11\junit-4.11.jar;C:\Users\ryan\.m2\repository\org\hamcrest\hamcrest-core\1.3\hamcrest-core-1.3.jar;"/>
    <property name="java.vm.vendor" value="Oracle Corporation"/>
    <property name="sun.arch.data.model" value="64"/>
    <property name="user.variant" value=""/>
    <property name="java.vendor.url" value="https://java.oracle.com/"/>
    <property name="user.timezone" value="America/La_Paz"/>
    <property name="os.name" value="Windows 11"/>
    <property name="java.vm.specification.version" value="22"/>
    <property name="user.country" value="US"/>
    <property name="sun.java.launcher" value="SUN_STANDARD"/>
    <property name="sun.boot.library.path" value="R:\JavaSDK\jdk-22.0.2\bin"/>
    <property name="sun.java.command" value="C:\Users\ryan\AppData\Local\Temp\surefire7824600485865595212\surefirebooter13444514111603024438.jar C:\Users\ryan\AppData\Local\Temp\surefire7824600485865595212 2024-08-19T22-49-48_595-jvmRun1 surefire4495630452098117495tmp surefire_03030368171589602873tmp"/>
    <property name="jdk.debug" value="release"/>
    <property name="test" value="com.w00d7.ReflectionUtilTest"/>
    <property name="surefire.test.class.path" value="R:\Projects\plugins\reflection-util\reflection-util\target\test-classes;R:\Projects\plugins\reflection-util\reflection-util\target\classes;C:\Users\ryan\.m2\repository\junit\junit\4.11\junit-4.11.jar;C:\Users\ryan\.m2\repository\org\hamcrest\hamcrest-core\1.3\hamcrest-core-1.3.jar;"/>
    <property name="sun.cpu.endian" value="little"/>
    <property name="user.home" value="C:\Users\ryan"/>
    <property name="user.language" value="en"/>
    <property name="java.specification.vendor" value="Oracle Corporation"/>
    <property name="java.version.date" value="2024-07-16"/>
    <property name="java.home" value="R:\JavaSDK\jdk-22.0.2"/>
    <property name="file.separator" value="\"/>
    <property name="basedir" value="R:\Projects\plugins\reflection-util\reflection-util"/>
    <property name="java.vm.compressedOopsMode" value="Zero based"/>
    <property name="line.separator" value="&#10;"/>
    <property name="java.vm.specification.vendor" value="Oracle Corporation"/>
    <property name="java.specification.name" value="Java Platform API Specification"/>
    <property name="surefire.real.class.path" value="C:\Users\ryan\AppData\Local\Temp\surefire7824600485865595212\surefirebooter13444514111603024438.jar"/>
    <property name="user.script" value=""/>
    <property name="sun.management.compiler" value="HotSpot 64-Bit Tiered Compilers"/>
    <property name="java.runtime.version" value="22.0.2+9-70"/>
    <property name="user.name" value="ryan"/>
    <property name="stdout.encoding" value="Cp1252"/>
    <property name="path.separator" value=";"/>
    <property name="os.version" value="10.0"/>
    <property name="java.runtime.name" value="OpenJDK Runtime Environment"/>
    <property name="file.encoding" value="UTF-8"/>
    <property name="java.vm.name" value="OpenJDK 64-Bit Server VM"/>
    <property name="maven.ext.class.path" value="C:\Users\ryan\.vscode-insiders\extensions\oracle.oracle-java-22.1.1\nbcode\java\maven-nblib\netbeans-eventspy.jar"/>
    <property name="localRepository" value="C:\Users\ryan\.m2\repository"/>
    <property name="java.vendor.url.bug" value="https://bugreport.java.com/bugreport/"/>
    <property name="java.io.tmpdir" value="C:\Users\ryan\AppData\Local\Temp\"/>
    <property name="java.version" value="22.0.2"/>
    <property name="user.dir" value="R:\Projects\plugins\reflection-util\reflection-util"/>
    <property name="os.arch" value="amd64"/>
    <property name="java.vm.specification.name" value="Java Virtual Machine Specification"/>
    <property name="sun.os.patch.level" value=""/>
    <property name="native.encoding" value="Cp1252"/>
    <property name="java.library.path" value="R:\JavaSDK\jdk-22.0.2\bin;C:\WINDOWS\Sun\Java\bin;C:\WINDOWS\system32;C:\WINDOWS;C:\Program Files\Common Files\Oracle\Java\javapath;C:\Program Files (x86)\Common Files\Intel\Shared Libraries\redist\intel64\compiler;C:\VulkanSDK\1.3.239.0\Bin;C:\Program Files (x86)\VMware\VMware Workstation\bin\;C:\Program Files (x86)\Common Files\Oracle\Java\javapath;C:\WINDOWS\system32;C:\WINDOWS;C:\WINDOWS\System32\Wbem;C:\WINDOWS\System32\WindowsPowerShell\v1.0\;C:\WINDOWS\System32\OpenSSH\;C:\Program Files\dotnet\;C:\Program Files (x86)\IncrediBuild;C:\Program Files\NVIDIA Corporation\NVIDIA NvDLISR;C:\Program Files (x86)\NVIDIA Corporation\PhysX\Common;C:\Users\ryan\AppData\Local\Packages\PythonSoftwareFoundation.Python.3.10_qbz5n2kfra8p0\LocalCache\local-packages\Python310\Scripts;C:\ProgramData\chocolatey\bin;C:\Program Files\nodejs\;C:\MinGW\bin;C:\Program Files\CMake\bin;C:\Users\ryan\AppData\Local\bin\NASM\;C:\Program Files\qemu;C:\Program Files\Git\cmd;R:\Gradle\gradle-8.9\bin;C:\Program Files\Java\jdk-21\bin;R:\Maven\apache-maven-3.9.8\bin;C:\Users\ryan\.cargo\bin;C:\Users\ryan\AppData\Local\Microsoft\WindowsApps;C:\Users\ryan\.dotnet\tools;C:\Users\ryan\AppData\Local\Programs\Microsoft VS Code\bin;C:\Users\ryan\AppData\Local\Packages\PythonSoftwareFoundation.Python.3.10_qbz5n2kfra8p0\LocalCache\local-packages\Python310\Scripts;C:\Users\ryan\AppData\Local\GitHubDesktop\bin;C:\gstreamer\1.0\msvc_x86_64\bin;C:\Users\ryan\AppData\Roaming\npm;C:\Users\ryan\AppData\Local\Programs\Fiddler;C:\Users\ryan\AppData\Local\Programs\Microsoft VS Code Insiders\bin;C:\MinGW\bin;C:\Users\ryan\AppData\Local\bin\NASM\;C:\Program Files\qemu;R:\Gradle\gradle-8.9\bin;;R:\JetBrains\IntelliJ IDEA 2022.1.2\bin;;."/>
    <property name="java.vm.info" value="mixed mode, sharing"/>
    <property name="stderr.encoding" value="Cp1252"/>
    <property name="java.vendor" value="Oracle Corporation"/>
    <property name="java.vm.version" value="22.0.2+9-70"/>
    <property name="sun.io.unicode.encoding" value="UnicodeLittle"/>
    <property name="java.class.version" value="66.0"/>
  </properties>
  <testcase name="testGetField" classname="com.w00d7.ReflectionUtilTest" time="0.046"/>
  <testcase name="testGetStaticField" classname="com.w00d7.ReflectionUtilTest" time="0"/>
  <testcase name="testInvokeMethod" classname="com.w00d7.ReflectionUtilTest" time="0.001"/>
  <testcase name="testSetFinalField" classname="com.w00d7.ReflectionUtilTest" time="0"/>
  <testcase name="testSetStaticField" classname="com.w00d7.ReflectionUtilTest" time="0.001"/>
  <testcase name="testSetField" classname="com.w00d7.ReflectionUtilTest" time="0.001"/>
</testsuite>